\BOOKMARK [0][-]{chapter.1}{Introduction}{}% 1
\BOOKMARK [1][-]{section.1.1}{Photorealistic\040Simulation}{chapter.1}% 2
\BOOKMARK [1][-]{section.1.2}{About\040this\040project}{chapter.1}% 3
\BOOKMARK [2][-]{subsection.1.2.1}{Aim\040of\040the\040project}{section.1.2}% 4
\BOOKMARK [2][-]{subsection.1.2.2}{Difference\040from\040heuristic\040methods}{section.1.2}% 5
\BOOKMARK [1][-]{section.1.3}{Structure\040of\040this\040Report}{chapter.1}% 6
\BOOKMARK [0][-]{chapter.2}{Literature\040Survey}{}% 7
\BOOKMARK [1][-]{section.2.1}{A\040Wishlist\040for\040a\040Unified\040Model\040of\040Burning}{chapter.2}% 8
\BOOKMARK [1][-]{section.2.2}{Survey\040of\040previous\040work}{chapter.2}% 9
\BOOKMARK [0][-]{chapter.3}{An\040Introduction\040to\040Fluid\040Simulation}{}% 10
\BOOKMARK [1][-]{section.3.1}{The\040Navier-Stokes\040equations}{chapter.3}% 11
\BOOKMARK [1][-]{section.3.2}{Solving\040the\040Navier-Stokes\040equations}{chapter.3}% 12
\BOOKMARK [1][-]{section.3.3}{Flame\040simulation\040using\040stable\040fluids}{chapter.3}% 13
\BOOKMARK [2][-]{subsection.3.3.1}{Extensions\040to\040Stam's\040paper}{section.3.3}% 14
\BOOKMARK [2][-]{subsection.3.3.2}{The\040ghost\040fluid\040method}{section.3.3}% 15
\BOOKMARK [2][-]{subsection.3.3.3}{Evolving\040temperature\040and\040density}{section.3.3}% 16
\BOOKMARK [0][-]{chapter.4}{Modeling\040Objects}{}% 17
\BOOKMARK [1][-]{subsection.4.0.4}{Meshing\040two-dimensional\040objects}{chapter.4}% 18
\BOOKMARK [2][-]{subsection.4.0.5}{Meshing\040three-dimensional\040objects}{subsection.4.0.4}% 19
\BOOKMARK [2][-]{subsection.4.0.6}{Input\040format}{subsection.4.0.4}% 20
\BOOKMARK [0][-]{chapter.5}{Phenomena\040associated\040with\040burning}{}% 21
\BOOKMARK [0][-]{chapter.6}{Acknowledgements}{}% 22
\BOOKMARK [0][-]{chapter.7}{Results\040and\040future\040work}{}% 23
\BOOKMARK [1][-]{section.7.1}{Heuristic\040Burning}{chapter.7}% 24
\BOOKMARK [2][-]{subsection.7.1.1}{Algorithm}{section.7.1}% 25
\BOOKMARK [2][-]{subsection.7.1.2}{Evaluation}{section.7.1}% 26
\BOOKMARK [1][-]{section.7.2}{Tetrahedral\040Meshing}{chapter.7}% 27
\BOOKMARK [1][-]{section.7.3}{Flame\040simulation}{chapter.7}% 28
\BOOKMARK [0][-]{chapter.8}{Bibliography}{}% 29
